[25-Apr-2014 15:14:21 UTC] PHP Fatal error:  Call to undefined function imagettftext() in /home/qwa/public_html/demo/live/includes/classes/class.StatBanner.php on line 68
[26-Apr-2014 21:00:11 UTC] PHP Fatal error:  Call to undefined function imagettftext() in /home/qwa/public_html/demo/live/includes/classes/class.StatBanner.php on line 68
[26-Apr-2014 21:02:25 UTC] PHP Fatal error:  Call to undefined function imagettftext() in /home/qwa/public_html/demo/live/includes/classes/class.StatBanner.php on line 68
[29-Apr-2014 17:38:21 UTC] PHP Fatal error:  Call to undefined function imagettftext() in /home/qwa/public_html/demo/live/includes/classes/class.StatBanner.php on line 68
[30-Apr-2014 04:40:12 UTC] PHP Fatal error:  Call to undefined function imagettftext() in /home/qwa/public_html/demo/live/includes/classes/class.StatBanner.php on line 68
[02-May-2014 17:52:06 UTC] PHP Fatal error:  Call to undefined function imagettftext() in /home/qwa/public_html/demo/live/includes/classes/class.StatBanner.php on line 68
[02-May-2014 17:59:46] NOTICE: "Undefined index: modinstantbuilds"
File: /home/qwa/public_html/demo/live/includes/pages/game/class.ShowBuildingsInstantPage.php | Line: 394
URL: http://live.2moons-host.com/game.php?page=buildingsInstant | Version: 1.7.2676
Stack trace:
#0 /includes/pages/game/class.ShowBuildingsInstantPage.php(394): errorHandler(8, 'Undefined index...', '/home/qwa/publi...', 394, Array)
#1 /game.php(65): ShowBuildingsInstantPage-&gt;show()
#2 {main}
[02-May-2014 18:14:47 UTC] PHP Fatal error:  Class 'ShowResearchInstantPage' not found in /home/qwa/public_html/demo/live/game.php on line 49
[03-May-2014 18:48:52 UTC] PHP Fatal error:  Call to undefined function imagettftext() in /home/qwa/public_html/demo/live/includes/classes/class.StatBanner.php on line 68
[04-May-2014 20:42:59] NOTICE: "Undefined index: immunity_until"
File: /home/qwa/public_html/demo/live/includes/pages/game/class.ShowImmunityPage.php | Line: 54
URL: http://live.2moons-host.com/game.php?page=immunity | Version: 1.7.2676
Stack trace:
#0 /includes/pages/game/class.ShowImmunityPage.php(54): errorHandler(8, 'Undefined index...', '/home/qwa/publi...', 54, Array)
#1 /game.php(65): ShowImmunityPage-&gt;show()
#2 {main}
[04-May-2014 20:45:19] NOTICE: "Undefined index: next_immunity"
File: /home/qwa/public_html/demo/live/includes/pages/game/class.ShowImmunityPage.php | Line: 56
URL: http://live.2moons-host.com/game.php?page=immunity | Version: 1.7.2676
Stack trace:
#0 /includes/pages/game/class.ShowImmunityPage.php(56): errorHandler(8, 'Undefined index...', '/home/qwa/publi...', 56, Array)
#1 /game.php(65): ShowImmunityPage-&gt;show()
#2 {main}
[04-May-2014 20:45:20] NOTICE: "Undefined index: next_immunity"
File: /home/qwa/public_html/demo/live/includes/pages/game/class.ShowImmunityPage.php | Line: 56
URL: http://live.2moons-host.com/game.php?page=immunity | Version: 1.7.2676
Stack trace:
#0 /includes/pages/game/class.ShowImmunityPage.php(56): errorHandler(8, 'Undefined index...', '/home/qwa/publi...', 56, Array)
#1 /game.php(65): ShowImmunityPage-&gt;show()
#2 {main}
[04-May-2014 20:49:32] NOTICE: "Undefined index: harvest_delay"
File: /home/qwa/public_html/demo/live/includes/pages/game/class.ShowHarvestPage.php | Line: 16
URL: http://live.2moons-host.com/game.php?page=harvest | Version: 1.7.2676
Stack trace:
#0 /includes/pages/game/class.ShowHarvestPage.php(16): errorHandler(8, 'Undefined index...', '/home/qwa/publi...', 16, Array)
#1 /game.php(65): ShowHarvestPage-&gt;show()
#2 {main}
[04-May-2014 20:49:40] NOTICE: "Undefined index: harvest_time"
File: /home/qwa/public_html/demo/live/includes/pages/game/class.ShowHarvestPage.php | Line: 18
URL: http://live.2moons-host.com/game.php?page=harvest | Version: 1.7.2676
Stack trace:
#0 /includes/pages/game/class.ShowHarvestPage.php(18): errorHandler(8, 'Undefined index...', '/home/qwa/publi...', 18, Array)
#1 /game.php(65): ShowHarvestPage-&gt;show()
#2 {main}
[04-May-2014 20:53:18] NOTICE: "Undefined variable: cost"
File: /home/qwa/public_html/demo/live/includes/pages/game/class.ShowDefBonusPage.php | Line: 57
URL: http://live.2moons-host.com/game.php?page=defBonus | Version: 1.7.2676
Stack trace:
#0 /includes/pages/game/class.ShowDefBonusPage.php(57): errorHandler(8, 'Undefined varia...', '/home/qwa/publi...', 57, Array)
#1 /game.php(65): ShowDefBonusPage-&gt;show()
#2 {main}
[04-May-2014 22:39:05 UTC] PHP Fatal error:  Call to undefined function imagettftext() in /home/qwa/public_html/demo/live/includes/classes/class.StatBanner.php on line 68
[04-May-2014 22:39:06 UTC] PHP Fatal error:  Call to undefined function imagettftext() in /home/qwa/public_html/demo/live/includes/classes/class.StatBanner.php on line 68
[04-May-2014 22:39:18] NOTICE: "Undefined variable: cost"
File: /home/qwa/public_html/demo/live/includes/pages/game/class.ShowDefBonusPage.php | Line: 57
URL: http://live.2moons-host.com/game.php?page=defBonus | Version: 1.7.2676
Stack trace:
#0 /includes/pages/game/class.ShowDefBonusPage.php(57): errorHandler(8, 'Undefined varia...', '/home/qwa/publi...', 57, Array)
#1 /game.php(65): ShowDefBonusPage-&gt;show()
#2 {main}
[04-May-2014 22:40:02] NOTICE: "Undefined index: def_bonus_time"
File: /home/qwa/public_html/demo/live/includes/pages/game/class.ShowDefBonusPage.php | Line: 58
URL: http://live.2moons-host.com/game.php?page=defBonus | Version: 1.7.2676
Stack trace:
#0 /includes/pages/game/class.ShowDefBonusPage.php(58): errorHandler(8, 'Undefined index...', '/home/qwa/publi...', 58, Array)
#1 /game.php(65): ShowDefBonusPage-&gt;show()
#2 {main}
[04-May-2014 22:40:39] NOTICE: "Undefined index: def_bonus_time"
File: /home/qwa/public_html/demo/live/includes/pages/game/class.ShowDefBonusPage.php | Line: 60
URL: http://live.2moons-host.com/game.php?page=defBonus | Version: 1.7.2676
Stack trace:
#0 /includes/pages/game/class.ShowDefBonusPage.php(60): errorHandler(8, 'Undefined index...', '/home/qwa/publi...', 60, Array)
#1 /game.php(65): ShowDefBonusPage-&gt;show()
#2 {main}
[04-May-2014 22:42:54] NOTICE: "Undefined index: fleet_bonus_time"
File: /home/qwa/public_html/demo/live/includes/pages/game/class.ShowFleetBonusPage.php | Line: 53
URL: http://live.2moons-host.com/game.php?page=fleetBonus | Version: 1.7.2676
Stack trace:
#0 /includes/pages/game/class.ShowFleetBonusPage.php(53): errorHandler(8, 'Undefined index...', '/home/qwa/publi...', 53, Array)
#1 /game.php(65): ShowFleetBonusPage-&gt;show()
#2 {main}
[04-May-2014 22:43:31] NOTICE: "Undefined index: res_bonus_time"
File: /home/qwa/public_html/demo/live/includes/pages/game/class.ShowResBonusPage.php | Line: 82
URL: http://live.2moons-host.com/game.php?page=resBonus | Version: 1.7.2676
Stack trace:
#0 /includes/pages/game/class.ShowResBonusPage.php(82): errorHandler(8, 'Undefined index...', '/home/qwa/publi...', 82, Array)
#1 /game.php(65): ShowResBonusPage-&gt;show()
#2 {main}
[04-May-2014 22:43:57] NOTICE: "Undefined index: bonus_page_time2"
File: /home/qwa/public_html/demo/live/includes/pages/game/class.ShowLuckyPage.php | Line: 81
URL: http://live.2moons-host.com/game.php?page=lucky | Version: 1.7.2676
Stack trace:
#0 /includes/pages/game/class.ShowLuckyPage.php(81): errorHandler(8, 'Undefined index...', '/home/qwa/publi...', 81, Array)
#1 /game.php(65): ShowLuckyPage-&gt;show()
#2 {main}
[05-May-2014 14:02:30 UTC] PHP Fatal error:  Call to undefined function imagettftext() in /home/qwa/public_html/demo/live/includes/classes/class.StatBanner.php on line 68
[07-May-2014 00:57:24 UTC] PHP Fatal error:  Call to undefined function imagettftext() in /home/qwa/public_html/demo/live/includes/classes/class.StatBanner.php on line 68
[07-May-2014 21:07:26 UTC] PHP Fatal error:  Call to undefined function imagettftext() in /home/qwa/public_html/demo/live/includes/classes/class.StatBanner.php on line 68
[08-May-2014 13:19:15 UTC] PHP Fatal error:  Call to undefined function imagettftext() in /home/qwa/public_html/demo/live/includes/classes/class.StatBanner.php on line 68
[08-May-2014 13:19:35 UTC] PHP Fatal error:  Call to undefined function imagettftext() in /home/qwa/public_html/demo/live/includes/classes/class.StatBanner.php on line 68
[08-May-2014 13:58:22 UTC] PHP Fatal error:  Call to undefined function imagettftext() in /home/qwa/public_html/demo/live/includes/classes/class.StatBanner.php on line 68
[08-May-2014 20:51:33 UTC] PHP Fatal error:  Call to undefined function imagettftext() in /home/qwa/public_html/demo/caffeine/includes/classes/class.StatBanner.php on line 68
[08-May-2014 21:35:54] NOTICE: "Undefined index: tinyMetal_current"
File: /home/qwa/public_html/demo/caffeine/cache/en^93d521aa380a11ac6663fe98415636e36bc67cc6.extends.page.overview.default.tpl.cache.php | Line: 797
URL: http://2moons-host.com/demo/caffeine/game.php?page=overview | Version: 1.7.2676
Stack trace:
#0 /cache/en^93d521aa380a11ac6663fe98415636e36bc67cc6.extends.page.overview.default.tpl.cache.php(797): errorHandler(8, 'Undefined index...', '/home/qwa/publi...', 797, Array)
#1 /cache/en^93d521aa380a11ac6663fe98415636e36bc67cc6.extends.page.overview.default.tpl.cache.php(80): content_536bf8ba852cd0_51923011(Object(Smarty_Internal_Template))
#2 /includes/libs/Smarty/sysplugins/smarty_internal_templatebase.php(180): content_536bee5c9ea908_85802420(Object(Smarty_Internal_Template))
#3 /includes/libs/Smarty/sysplugins/smarty_internal_templatebase.php(374): Smarty_Internal_TemplateBase-&gt;fetch('extends:layout....', NULL, NULL, NULL, true)
#4 /includes/classes/class.template.php(142): Smarty_Internal_TemplateBase-&gt;display('extends:layout....')
#5 /includes/pages/game/class.AbstractPage.php(246): template-&gt;display('extends:layout....')
#6 /includes/pages/game/class.ShowOverviewPage.php(273): AbstractPage-&gt;display('page.overview.d...')
#7 /game.php(65): ShowOverviewPage-&gt;show()
#8 {main}
[08-May-2014 22:07:00] NOTICE: "Undefined index: tinyDarkMatter_current"
File: /home/qwa/public_html/demo/caffeine/cache/en^93d521aa380a11ac6663fe98415636e36bc67cc6.extends.page.overview.default.tpl.cache.php | Line: 841
URL: http://2moons-host.com/demo/caffeine/game.php?page=overview | Version: 1.7.2676
Stack trace:
#0 /cache/en^93d521aa380a11ac6663fe98415636e36bc67cc6.extends.page.overview.default.tpl.cache.php(841): errorHandler(8, 'Undefined index...', '/home/qwa/publi...', 841, Array)
#1 /cache/en^93d521aa380a11ac6663fe98415636e36bc67cc6.extends.page.overview.default.tpl.cache.php(80): content_536c00052122e0_78468604(Object(Smarty_Internal_Template))
#2 /includes/libs/Smarty/sysplugins/smarty_internal_templatebase.php(180): content_536bee5c9ea908_85802420(Object(Smarty_Internal_Template))
#3 /includes/libs/Smarty/sysplugins/smarty_internal_templatebase.php(374): Smarty_Internal_TemplateBase-&gt;fetch('extends:layout....', NULL, NULL, NULL, true)
#4 /includes/classes/class.template.php(142): Smarty_Internal_TemplateBase-&gt;display('extends:layout....')
#5 /includes/pages/game/class.AbstractPage.php(263): template-&gt;display('extends:layout....')
#6 /includes/pages/game/class.ShowOverviewPage.php(273): AbstractPage-&gt;display('page.overview.d...')
#7 /game.php(65): ShowOverviewPage-&gt;show()
#8 {main}
[08-May-2014 23:30:03] USER ERROR: "unmatched {block} {/block} pairs in template file 'page.buildings.default.tpl'"
File: /home/qwa/public_html/demo/caffeine/includes/libs/Smarty/sysplugins/smarty_internal_resource_extends.php | Line: 115
URL: http://2moons-host.com/demo/caffeine/game.php?page=buildings | Version: 1.7.2676
Stack trace:
#0 /includes/libs/Smarty/sysplugins/smarty_resource.php(779): Smarty_Internal_Resource_Extends-&gt;getContent(Object(Smarty_Template_Source))
#1 /includes/libs/Smarty/sysplugins/smarty_internal_templatecompilerbase.php(185): Smarty_Template_Source-&gt;__get('content')
#2 /includes/libs/Smarty/sysplugins/smarty_internal_template.php(187): Smarty_Internal_TemplateCompilerBase-&gt;compileTemplate(Object(Smarty_Internal_Template))
#3 /includes/libs/Smarty/sysplugins/smarty_internal_templatebase.php(164): Smarty_Internal_Template-&gt;compileTemplateSource()
#4 /includes/libs/Smarty/sysplugins/smarty_internal_templatebase.php(374): Smarty_Internal_TemplateBase-&gt;fetch('extends:layout....', NULL, NULL, NULL, true)
#5 /includes/classes/class.template.php(142): Smarty_Internal_TemplateBase-&gt;display('extends:layout....')
#6 /includes/pages/game/class.AbstractPage.php(263): template-&gt;display('extends:layout....')
#7 /includes/pages/game/class.ShowBuildingsPage.php(357): AbstractPage-&gt;display('page.buildings....')
#8 /game.php(65): ShowBuildingsPage-&gt;show()
#9 {main}
[08-May-2014 23:32:03 UTC] PHP Fatal error:  Call to undefined function imagettftext() in /home/qwa/public_html/demo/caffeine/includes/classes/class.StatBanner.php on line 68
[09-May-2014 07:46:38] NOTICE: "Undefined index: BuildInfoList"
File: /home/qwa/public_html/demo/caffeine/cache/en^0cc2d8b42fc43d3dc44c4105e40b46828f5add31.extends.page.research.default.tpl.cache.php | Line: 91
URL: http://2moons-host.com/demo/caffeine/game.php?page=research | Version: 1.7.2676
Stack trace:
#0 /cache/en^0cc2d8b42fc43d3dc44c4105e40b46828f5add31.extends.page.research.default.tpl.cache.php(91): errorHandler(8, 'Undefined index...', '/home/qwa/publi...', 91, Array)
#1 /includes/libs/Smarty/sysplugins/smarty_internal_templatebase.php(180): content_536c87df3e3094_23757440(Object(Smarty_Internal_Template))
#2 /includes/libs/Smarty/sysplugins/smarty_internal_templatebase.php(374): Smarty_Internal_TemplateBase-&gt;fetch('extends:layout....', NULL, NULL, NULL, true)
#3 /includes/classes/class.template.php(142): Smarty_Internal_TemplateBase-&gt;display('extends:layout....')
#4 /includes/pages/game/class.AbstractPage.php(263): template-&gt;display('extends:layout....')
#5 /includes/pages/game/class.ShowResearchPage.php(375): AbstractPage-&gt;display('page.research.d...')
#6 /game.php(65): ShowResearchPage-&gt;show()
#7 {main}
[09-May-2014 08:00:37] USER ERROR: "Syntax Error in template &quot;/home/qwa/public_html/demo/caffeine/styles/templates/game/page.shipyard.default.tpl&quot;  on line 41 &quot;{/if}&quot; unexpected closing tag"
File: /home/qwa/public_html/demo/caffeine/includes/libs/Smarty/sysplugins/smarty_internal_templatecompilerbase.php | Line: 665
URL: http://2moons-host.com/demo/caffeine/game.php?page=shipyard&mode=fleet | Version: 1.7.2676
Stack trace:
#0 /includes/libs/Smarty/sysplugins/smarty_internal_compilebase.php(170): Smarty_Internal_TemplateCompilerBase-&gt;trigger_template_error('unexpected clos...', 41)
#1 /includes/libs/Smarty/sysplugins/smarty_internal_compile_if.php(197): Smarty_Internal_CompileBase-&gt;closeTag(Object(Smarty_Internal_SmartyTemplateCompiler), Array)
#2 /includes/libs/Smarty/sysplugins/smarty_internal_templatecompilerbase.php(473): Smarty_Internal_Compile_Ifclose-&gt;compile(Array, Object(Smarty_Internal_SmartyTemplateCompiler), Array, NULL, NULL)
#3 /includes/libs/Smarty/sysplugins/smarty_internal_templatecompilerbase.php(257): Smarty_Internal_TemplateCompilerBase-&gt;callTagCompiler('ifclose', Array, Array)
#4 /includes/libs/Smarty/sysplugins/smarty_internal_templateparser.php(2493): Smarty_Internal_TemplateCompilerBase-&gt;compileTag('ifclose', Array)
#5 /includes/libs/Smarty/sysplugins/smarty_internal_templateparser.php(3101): Smarty_Internal_Templateparser-&gt;yy_r58()
#6 /includes/libs/Smarty/sysplugins/smarty_internal_templateparser.php(3201): Smarty_Internal_Templateparser-&gt;yy_reduce(58)
#7 /includes/libs/Smarty/sysplugins/smarty_internal_smartytemplatecompiler.php(105): Smarty_Internal_Templateparser-&gt;doParse(10, '/r/n/nffrr action=...')
#8 /includes/libs/Smarty/sysplugins/smarty_internal_templatecompilerbase.php(200): Smarty_Internal_SmartyTemplateCompiler-&gt;doCompile('/r/n/n/n/nssction id...')
#9 /includes/libs/Smarty/sysplugins/smarty_internal_compile_block.php(202): Smarty_Internal_TemplateCompilerBase-&gt;compileTemplate(Object(Smarty_Internal_Template))
#10 /includes/libs/Smarty/sysplugins/smarty_internal_compile_block.php(260): Smarty_Internal_Compile_Block::compileChildBlock(Object(Smarty_Internal_SmartyTemplateCompiler), 'content')
#11 /includes/libs/Smarty/sysplugins/smarty_internal_templatecompilerbase.php(483): Smarty_Internal_Compile_Blockclose-&gt;compile(Array, Object(Smarty_Internal_SmartyTemplateCompiler), Array, NULL, NULL)
#12 /includes/libs/Smarty/sysplugins/smarty_internal_templatecompilerbase.php(257): Smarty_Internal_TemplateCompilerBase-&gt;callTagCompiler('blockclose', Array, Array)
#13 /includes/libs/Smarty/sysplugins/smarty_internal_templateparser.php(2493): Smarty_Internal_TemplateCompilerBase-&gt;compileTag('blockclose', Array)
#14 /includes/libs/Smarty/sysplugins/smarty_internal_templateparser.php(3101): Smarty_Internal_Templateparser-&gt;yy_r58()
#15 /includes/libs/Smarty/sysplugins/smarty_internal_templateparser.php(3201): Smarty_Internal_Templateparser-&gt;yy_reduce(58)
#16 /includes/libs/Smarty/sysplugins/smarty_internal_smartytemplatecompiler.php(105): Smarty_Internal_Templateparser-&gt;doParse(10, '&lt;/div&gt;/r/n/n)
#17 /includes/libs/Smarty/sysplugins/smarty_internal_templatecompilerbase.php(200): Smarty_Internal_SmartyTemplateCompiler-&gt;doCompile('{include file=&quot;...')
#18 /includes/libs/Smarty/sysplugins/smarty_internal_template.php(187): Smarty_Internal_TemplateCompilerBase-&gt;compileTemplate(Object(Smarty_Internal_Template))
#19 /includes/libs/Smarty/sysplugins/smarty_internal_templatebase.php(164): Smarty_Internal_Template-&gt;compileTemplateSource()
#20 /includes/libs/Smarty/sysplugins/smarty_internal_templatebase.php(374): Smarty_Internal_TemplateBase-&gt;fetch('extends:layout....', NULL, NULL, NULL, true)
#21 /includes/classes/class.template.php(142): Smarty_Internal_TemplateBase-&gt;display('extends:layout....')
#22 /includes/pages/game/class.AbstractPage.php(263): template-&gt;display('extends:layout....')
#23 /includes/pages/game/class.ShowShipyardPage.php(274): AbstractPage-&gt;display('page.shipyard.d...')
#24 /game.php(65): ShowShipyardPage-&gt;show()
#25 {main}
[09-May-2014 08:00:43] USER ERROR: "Syntax Error in template &quot;/home/qwa/public_html/demo/caffeine/styles/templates/game/page.shipyard.default.tpl&quot;  on line 41 &quot;{/if}&quot; unexpected closing tag"
File: /home/qwa/public_html/demo/caffeine/includes/libs/Smarty/sysplugins/smarty_internal_templatecompilerbase.php | Line: 665
URL: http://2moons-host.com/demo/caffeine/game.php?page=shipyard&mode=fleet | Version: 1.7.2676
Stack trace:
#0 /includes/libs/Smarty/sysplugins/smarty_internal_compilebase.php(170): Smarty_Internal_TemplateCompilerBase-&gt;trigger_template_error('unexpected clos...', 41)
#1 /includes/libs/Smarty/sysplugins/smarty_internal_compile_if.php(197): Smarty_Internal_CompileBase-&gt;closeTag(Object(Smarty_Internal_SmartyTemplateCompiler), Array)
#2 /includes/libs/Smarty/sysplugins/smarty_internal_templatecompilerbase.php(473): Smarty_Internal_Compile_Ifclose-&gt;compile(Array, Object(Smarty_Internal_SmartyTemplateCompiler), Array, NULL, NULL)
#3 /includes/libs/Smarty/sysplugins/smarty_internal_templatecompilerbase.php(257): Smarty_Internal_TemplateCompilerBase-&gt;callTagCompiler('ifclose', Array, Array)
#4 /includes/libs/Smarty/sysplugins/smarty_internal_templateparser.php(2493): Smarty_Internal_TemplateCompilerBase-&gt;compileTag('ifclose', Array)
#5 /includes/libs/Smarty/sysplugins/smarty_internal_templateparser.php(3101): Smarty_Internal_Templateparser-&gt;yy_r58()
#6 /includes/libs/Smarty/sysplugins/smarty_internal_templateparser.php(3201): Smarty_Internal_Templateparser-&gt;yy_reduce(58)
#7 /includes/libs/Smarty/sysplugins/smarty_internal_smartytemplatecompiler.php(105): Smarty_Internal_Templateparser-&gt;doParse(10, '/r/n/nffrr action=...')
#8 /includes/libs/Smarty/sysplugins/smarty_internal_templatecompilerbase.php(200): Smarty_Internal_SmartyTemplateCompiler-&gt;doCompile('/r/n/n/n/nssction id...')
#9 /includes/libs/Smarty/sysplugins/smarty_internal_compile_block.php(202): Smarty_Internal_TemplateCompilerBase-&gt;compileTemplate(Object(Smarty_Internal_Template))
#10 /includes/libs/Smarty/sysplugins/smarty_internal_compile_block.php(260): Smarty_Internal_Compile_Block::compileChildBlock(Object(Smarty_Internal_SmartyTemplateCompiler), 'content')
#11 /includes/libs/Smarty/sysplugins/smarty_internal_templatecompilerbase.php(483): Smarty_Internal_Compile_Blockclose-&gt;compile(Array, Object(Smarty_Internal_SmartyTemplateCompiler), Array, NULL, NULL)
#12 /includes/libs/Smarty/sysplugins/smarty_internal_templatecompilerbase.php(257): Smarty_Internal_TemplateCompilerBase-&gt;callTagCompiler('blockclose', Array, Array)
#13 /includes/libs/Smarty/sysplugins/smarty_internal_templateparser.php(2493): Smarty_Internal_TemplateCompilerBase-&gt;compileTag('blockclose', Array)
#14 /includes/libs/Smarty/sysplugins/smarty_internal_templateparser.php(3101): Smarty_Internal_Templateparser-&gt;yy_r58()
#15 /includes/libs/Smarty/sysplugins/smarty_internal_templateparser.php(3201): Smarty_Internal_Templateparser-&gt;yy_reduce(58)
#16 /includes/libs/Smarty/sysplugins/smarty_internal_smartytemplatecompiler.php(105): Smarty_Internal_Templateparser-&gt;doParse(10, '&lt;/div&gt;/r/n/n)
#17 /includes/libs/Smarty/sysplugins/smarty_internal_templatecompilerbase.php(200): Smarty_Internal_SmartyTemplateCompiler-&gt;doCompile('{include file=&quot;...')
#18 /includes/libs/Smarty/sysplugins/smarty_internal_template.php(187): Smarty_Internal_TemplateCompilerBase-&gt;compileTemplate(Object(Smarty_Internal_Template))
#19 /includes/libs/Smarty/sysplugins/smarty_internal_templatebase.php(164): Smarty_Internal_Template-&gt;compileTemplateSource()
#20 /includes/libs/Smarty/sysplugins/smarty_internal_templatebase.php(374): Smarty_Internal_TemplateBase-&gt;fetch('extends:layout....', NULL, NULL, NULL, true)
#21 /includes/classes/class.template.php(142): Smarty_Internal_TemplateBase-&gt;display('extends:layout....')
#22 /includes/pages/game/class.AbstractPage.php(263): template-&gt;display('extends:layout....')
#23 /includes/pages/game/class.ShowShipyardPage.php(274): AbstractPage-&gt;display('page.shipyard.d...')
#24 /game.php(65): ShowShipyardPage-&gt;show()
#25 {main}
[09-May-2014 08:00:50] USER ERROR: "Syntax Error in template &quot;/home/qwa/public_html/demo/caffeine/styles/templates/game/page.shipyard.default.tpl&quot;  on line 41 &quot;{/if}&quot; unexpected closing tag"
File: /home/qwa/public_html/demo/caffeine/includes/libs/Smarty/sysplugins/smarty_internal_templatecompilerbase.php | Line: 665
URL: http://2moons-host.com/demo/caffeine/game.php?page=shipyard&mode=fleet | Version: 1.7.2676
Stack trace:
#0 /includes/libs/Smarty/sysplugins/smarty_internal_compilebase.php(170): Smarty_Internal_TemplateCompilerBase-&gt;trigger_template_error('unexpected clos...', 41)
#1 /includes/libs/Smarty/sysplugins/smarty_internal_compile_if.php(197): Smarty_Internal_CompileBase-&gt;closeTag(Object(Smarty_Internal_SmartyTemplateCompiler), Array)
#2 /includes/libs/Smarty/sysplugins/smarty_internal_templatecompilerbase.php(473): Smarty_Internal_Compile_Ifclose-&gt;compile(Array, Object(Smarty_Internal_SmartyTemplateCompiler), Array, NULL, NULL)
#3 /includes/libs/Smarty/sysplugins/smarty_internal_templatecompilerbase.php(257): Smarty_Internal_TemplateCompilerBase-&gt;callTagCompiler('ifclose', Array, Array)
#4 /includes/libs/Smarty/sysplugins/smarty_internal_templateparser.php(2493): Smarty_Internal_TemplateCompilerBase-&gt;compileTag('ifclose', Array)
#5 /includes/libs/Smarty/sysplugins/smarty_internal_templateparser.php(3101): Smarty_Internal_Templateparser-&gt;yy_r58()
#6 /includes/libs/Smarty/sysplugins/smarty_internal_templateparser.php(3201): Smarty_Internal_Templateparser-&gt;yy_reduce(58)
#7 /includes/libs/Smarty/sysplugins/smarty_internal_smartytemplatecompiler.php(105): Smarty_Internal_Templateparser-&gt;doParse(10, '/r/n/nffrr action=...')
#8 /includes/libs/Smarty/sysplugins/smarty_internal_templatecompilerbase.php(200): Smarty_Internal_SmartyTemplateCompiler-&gt;doCompile('/r/n/n/n/nssction id...')
#9 /includes/libs/Smarty/sysplugins/smarty_internal_compile_block.php(202): Smarty_Internal_TemplateCompilerBase-&gt;compileTemplate(Object(Smarty_Internal_Template))
#10 /includes/libs/Smarty/sysplugins/smarty_internal_compile_block.php(260): Smarty_Internal_Compile_Block::compileChildBlock(Object(Smarty_Internal_SmartyTemplateCompiler), 'content')
#11 /includes/libs/Smarty/sysplugins/smarty_internal_templatecompilerbase.php(483): Smarty_Internal_Compile_Blockclose-&gt;compile(Array, Object(Smarty_Internal_SmartyTemplateCompiler), Array, NULL, NULL)
#12 /includes/libs/Smarty/sysplugins/smarty_internal_templatecompilerbase.php(257): Smarty_Internal_TemplateCompilerBase-&gt;callTagCompiler('blockclose', Array, Array)
#13 /includes/libs/Smarty/sysplugins/smarty_internal_templateparser.php(2493): Smarty_Internal_TemplateCompilerBase-&gt;compileTag('blockclose', Array)
#14 /includes/libs/Smarty/sysplugins/smarty_internal_templateparser.php(3101): Smarty_Internal_Templateparser-&gt;yy_r58()
#15 /includes/libs/Smarty/sysplugins/smarty_internal_templateparser.php(3201): Smarty_Internal_Templateparser-&gt;yy_reduce(58)
#16 /includes/libs/Smarty/sysplugins/smarty_internal_smartytemplatecompiler.php(105): Smarty_Internal_Templateparser-&gt;doParse(10, '&lt;/div&gt;/r/n/n)
#17 /includes/libs/Smarty/sysplugins/smarty_internal_templatecompilerbase.php(200): Smarty_Internal_SmartyTemplateCompiler-&gt;doCompile('{include file=&quot;...')
#18 /includes/libs/Smarty/sysplugins/smarty_internal_template.php(187): Smarty_Internal_TemplateCompilerBase-&gt;compileTemplate(Object(Smarty_Internal_Template))
#19 /includes/libs/Smarty/sysplugins/smarty_internal_templatebase.php(164): Smarty_Internal_Template-&gt;compileTemplateSource()
#20 /includes/libs/Smarty/sysplugins/smarty_internal_templatebase.php(374): Smarty_Internal_TemplateBase-&gt;fetch('extends:layout....', NULL, NULL, NULL, true)
#21 /includes/classes/class.template.php(142): Smarty_Internal_TemplateBase-&gt;display('extends:layout....')
#22 /includes/pages/game/class.AbstractPage.php(263): template-&gt;display('extends:layout....')
#23 /includes/pages/game/class.ShowShipyardPage.php(274): AbstractPage-&gt;display('page.shipyard.d...')
#24 /game.php(65): ShowShipyardPage-&gt;show()
#25 {main}
[09-May-2014 08:00:54] USER ERROR: "Syntax Error in template &quot;/home/qwa/public_html/demo/caffeine/styles/templates/game/page.shipyard.default.tpl&quot;  on line 40 &quot;{/if}&quot; unexpected closing tag"
File: /home/qwa/public_html/demo/caffeine/includes/libs/Smarty/sysplugins/smarty_internal_templatecompilerbase.php | Line: 665
URL: http://2moons-host.com/demo/caffeine/game.php?page=shipyard&mode=fleet | Version: 1.7.2676
Stack trace:
#0 /includes/libs/Smarty/sysplugins/smarty_internal_compilebase.php(170): Smarty_Internal_TemplateCompilerBase-&gt;trigger_template_error('unexpected clos...', 40)
#1 /includes/libs/Smarty/sysplugins/smarty_internal_compile_if.php(197): Smarty_Internal_CompileBase-&gt;closeTag(Object(Smarty_Internal_SmartyTemplateCompiler), Array)
#2 /includes/libs/Smarty/sysplugins/smarty_internal_templatecompilerbase.php(473): Smarty_Internal_Compile_Ifclose-&gt;compile(Array, Object(Smarty_Internal_SmartyTemplateCompiler), Array, NULL, NULL)
#3 /includes/libs/Smarty/sysplugins/smarty_internal_templatecompilerbase.php(257): Smarty_Internal_TemplateCompilerBase-&gt;callTagCompiler('ifclose', Array, Array)
#4 /includes/libs/Smarty/sysplugins/smarty_internal_templateparser.php(2493): Smarty_Internal_TemplateCompilerBase-&gt;compileTag('ifclose', Array)
#5 /includes/libs/Smarty/sysplugins/smarty_internal_templateparser.php(3101): Smarty_Internal_Templateparser-&gt;yy_r58()
#6 /includes/libs/Smarty/sysplugins/smarty_internal_templateparser.php(3201): Smarty_Internal_Templateparser-&gt;yy_reduce(58)
#7 /includes/libs/Smarty/sysplugins/smarty_internal_smartytemplatecompiler.php(105): Smarty_Internal_Templateparser-&gt;doParse(10, '/r/n/nffrr action=...')
#8 /includes/libs/Smarty/sysplugins/smarty_internal_templatecompilerbase.php(200): Smarty_Internal_SmartyTemplateCompiler-&gt;doCompile('/r/n/n/n/nssction id...')
#9 /includes/libs/Smarty/sysplugins/smarty_internal_compile_block.php(202): Smarty_Internal_TemplateCompilerBase-&gt;compileTemplate(Object(Smarty_Internal_Template))
#10 /includes/libs/Smarty/sysplugins/smarty_internal_compile_block.php(260): Smarty_Internal_Compile_Block::compileChildBlock(Object(Smarty_Internal_SmartyTemplateCompiler), 'content')
#11 /includes/libs/Smarty/sysplugins/smarty_internal_templatecompilerbase.php(483): Smarty_Internal_Compile_Blockclose-&gt;compile(Array, Object(Smarty_Internal_SmartyTemplateCompiler), Array, NULL, NULL)
#12 /includes/libs/Smarty/sysplugins/smarty_internal_templatecompilerbase.php(257): Smarty_Internal_TemplateCompilerBase-&gt;callTagCompiler('blockclose', Array, Array)
#13 /includes/libs/Smarty/sysplugins/smarty_internal_templateparser.php(2493): Smarty_Internal_TemplateCompilerBase-&gt;compileTag('blockclose', Array)
#14 /includes/libs/Smarty/sysplugins/smarty_internal_templateparser.php(3101): Smarty_Internal_Templateparser-&gt;yy_r58()
#15 /includes/libs/Smarty/sysplugins/smarty_internal_templateparser.php(3201): Smarty_Internal_Templateparser-&gt;yy_reduce(58)
#16 /includes/libs/Smarty/sysplugins/smarty_internal_smartytemplatecompiler.php(105): Smarty_Internal_Templateparser-&gt;doParse(10, '&lt;/div&gt;/r/n/n)
#17 /includes/libs/Smarty/sysplugins/smarty_internal_templatecompilerbase.php(200): Smarty_Internal_SmartyTemplateCompiler-&gt;doCompile('{include file=&quot;...')
#18 /includes/libs/Smarty/sysplugins/smarty_internal_template.php(187): Smarty_Internal_TemplateCompilerBase-&gt;compileTemplate(Object(Smarty_Internal_Template))
#19 /includes/libs/Smarty/sysplugins/smarty_internal_templatebase.php(164): Smarty_Internal_Template-&gt;compileTemplateSource()
#20 /includes/libs/Smarty/sysplugins/smarty_internal_templatebase.php(374): Smarty_Internal_TemplateBase-&gt;fetch('extends:layout....', NULL, NULL, NULL, true)
#21 /includes/classes/class.template.php(142): Smarty_Internal_TemplateBase-&gt;display('extends:layout....')
#22 /includes/pages/game/class.AbstractPage.php(263): template-&gt;display('extends:layout....')
#23 /includes/pages/game/class.ShowShipyardPage.php(274): AbstractPage-&gt;display('page.shipyard.d...')
#24 /game.php(65): ShowShipyardPage-&gt;show()
#25 {main}
[09-May-2014 08:01:02] USER ERROR: "Syntax Error in template &quot;/home/qwa/public_html/demo/caffeine/styles/templates/game/page.shipyard.default.tpl&quot;  on line 37 &quot;{/if}&quot; unexpected closing tag"
File: /home/qwa/public_html/demo/caffeine/includes/libs/Smarty/sysplugins/smarty_internal_templatecompilerbase.php | Line: 665
URL: http://2moons-host.com/demo/caffeine/game.php?page=shipyard&mode=fleet | Version: 1.7.2676
Stack trace:
#0 /includes/libs/Smarty/sysplugins/smarty_internal_compilebase.php(170): Smarty_Internal_TemplateCompilerBase-&gt;trigger_template_error('unexpected clos...', 37)
#1 /includes/libs/Smarty/sysplugins/smarty_internal_compile_if.php(197): Smarty_Internal_CompileBase-&gt;closeTag(Object(Smarty_Internal_SmartyTemplateCompiler), Array)
#2 /includes/libs/Smarty/sysplugins/smarty_internal_templatecompilerbase.php(473): Smarty_Internal_Compile_Ifclose-&gt;compile(Array, Object(Smarty_Internal_SmartyTemplateCompiler), Array, NULL, NULL)
#3 /includes/libs/Smarty/sysplugins/smarty_internal_templatecompilerbase.php(257): Smarty_Internal_TemplateCompilerBase-&gt;callTagCompiler('ifclose', Array, Array)
#4 /includes/libs/Smarty/sysplugins/smarty_internal_templateparser.php(2493): Smarty_Internal_TemplateCompilerBase-&gt;compileTag('ifclose', Array)
#5 /includes/libs/Smarty/sysplugins/smarty_internal_templateparser.php(3101): Smarty_Internal_Templateparser-&gt;yy_r58()
#6 /includes/libs/Smarty/sysplugins/smarty_internal_templateparser.php(3201): Smarty_Internal_Templateparser-&gt;yy_reduce(58)
#7 /includes/libs/Smarty/sysplugins/smarty_internal_smartytemplatecompiler.php(105): Smarty_Internal_Templateparser-&gt;doParse(10, '/r/n/nffrr action=...')
#8 /includes/libs/Smarty/sysplugins/smarty_internal_templatecompilerbase.php(200): Smarty_Internal_SmartyTemplateCompiler-&gt;doCompile('/r/n/nii  $NotBuil...')
#9 /includes/libs/Smarty/sysplugins/smarty_internal_compile_block.php(202): Smarty_Internal_TemplateCompilerBase-&gt;compileTemplate(Object(Smarty_Internal_Template))
#10 /includes/libs/Smarty/sysplugins/smarty_internal_compile_block.php(260): Smarty_Internal_Compile_Block::compileChildBlock(Object(Smarty_Internal_SmartyTemplateCompiler), 'content')
#11 /includes/libs/Smarty/sysplugins/smarty_internal_templatecompilerbase.php(483): Smarty_Internal_Compile_Blockclose-&gt;compile(Array, Object(Smarty_Internal_SmartyTemplateCompiler), Array, NULL, NULL)
#12 /includes/libs/Smarty/sysplugins/smarty_internal_templatecompilerbase.php(257): Smarty_Internal_TemplateCompilerBase-&gt;callTagCompiler('blockclose', Array, Array)
#13 /includes/libs/Smarty/sysplugins/smarty_internal_templateparser.php(2493): Smarty_Internal_TemplateCompilerBase-&gt;compileTag('blockclose', Array)
#14 /includes/libs/Smarty/sysplugins/smarty_internal_templateparser.php(3101): Smarty_Internal_Templateparser-&gt;yy_r58()
#15 /includes/libs/Smarty/sysplugins/smarty_internal_templateparser.php(3201): Smarty_Internal_Templateparser-&gt;yy_reduce(58)
#16 /includes/libs/Smarty/sysplugins/smarty_internal_smartytemplatecompiler.php(105): Smarty_Internal_Templateparser-&gt;doParse(10, '&lt;/div&gt;/r/n/n)
#17 /includes/libs/Smarty/sysplugins/smarty_internal_templatecompilerbase.php(200): Smarty_Internal_SmartyTemplateCompiler-&gt;doCompile('{include file=&quot;...')
#18 /includes/libs/Smarty/sysplugins/smarty_internal_template.php(187): Smarty_Internal_TemplateCompilerBase-&gt;compileTemplate(Object(Smarty_Internal_Template))
#19 /includes/libs/Smarty/sysplugins/smarty_internal_templatebase.php(164): Smarty_Internal_Template-&gt;compileTemplateSource()
#20 /includes/libs/Smarty/sysplugins/smarty_internal_templatebase.php(374): Smarty_Internal_TemplateBase-&gt;fetch('extends:layout....', NULL, NULL, NULL, true)
#21 /includes/classes/class.template.php(142): Smarty_Internal_TemplateBase-&gt;display('extends:layout....')
#22 /includes/pages/game/class.AbstractPage.php(263): template-&gt;display('extends:layout....')
#23 /includes/pages/game/class.ShowShipyardPage.php(274): AbstractPage-&gt;display('page.shipyard.d...')
#24 /game.php(65): ShowShipyardPage-&gt;show()
#25 {main}
[09-May-2014 08:03:36] NOTICE: "Undefined index: ID"
File: /home/qwa/public_html/demo/caffeine/cache/en^6e449e9e9cd23b542a3e23a8b328f08acc5d7bd8.extends.page.shipyard.default.tpl.cache.php | Line: 139
URL: http://2moons-host.com/demo/caffeine/game.php?page=shipyard&mode=fleet | Version: 1.7.2676
Stack trace:
#0 /cache/en^6e449e9e9cd23b542a3e23a8b328f08acc5d7bd8.extends.page.shipyard.default.tpl.cache.php(139): errorHandler(8, 'Undefined index...', '/home/qwa/publi...', 139, Array)
#1 /includes/libs/Smarty/sysplugins/smarty_internal_templatebase.php(180): content_536c8ad6041fb4_55121865(Object(Smarty_Internal_Template))
#2 /includes/libs/Smarty/sysplugins/smarty_internal_templatebase.php(374): Smarty_Internal_TemplateBase-&gt;fetch('extends:layout....', NULL, NULL, NULL, true)
#3 /includes/classes/class.template.php(142): Smarty_Internal_TemplateBase-&gt;display('extends:layout....')
#4 /includes/pages/game/class.AbstractPage.php(263): template-&gt;display('extends:layout....')
#5 /includes/pages/game/class.ShowShipyardPage.php(274): AbstractPage-&gt;display('page.shipyard.d...')
#6 /game.php(65): ShowShipyardPage-&gt;show()
#7 {main}
[09-May-2014 08:03:52] USER ERROR: "Syntax Error in template &quot;/home/qwa/public_html/demo/caffeine/styles/templates/game/page.shipyard.default.tpl&quot;  on line 71 &quot;&quot; unclosed {foreach} tag"
File: /home/qwa/public_html/demo/caffeine/includes/libs/Smarty/sysplugins/smarty_internal_templatecompilerbase.php | Line: 665
URL: http://2moons-host.com/demo/caffeine/game.php?page=shipyard&mode=fleet | Version: 1.7.2676
Stack trace:
#0 /includes/libs/Smarty/sysplugins/smarty_internal_smartytemplatecompiler.php(118): Smarty_Internal_TemplateCompilerBase-&gt;trigger_template_error('unclosed {forea...')
#1 /includes/libs/Smarty/sysplugins/smarty_internal_templatecompilerbase.php(200): Smarty_Internal_SmartyTemplateCompiler-&gt;doCompile('/r/n/n/n/nssction id...')
#2 /includes/libs/Smarty/sysplugins/smarty_internal_compile_block.php(202): Smarty_Internal_TemplateCompilerBase-&gt;compileTemplate(Object(Smarty_Internal_Template))
#3 /includes/libs/Smarty/sysplugins/smarty_internal_compile_block.php(260): Smarty_Internal_Compile_Block::compileChildBlock(Object(Smarty_Internal_SmartyTemplateCompiler), 'content')
#4 /includes/libs/Smarty/sysplugins/smarty_internal_templatecompilerbase.php(483): Smarty_Internal_Compile_Blockclose-&gt;compile(Array, Object(Smarty_Internal_SmartyTemplateCompiler), Array, NULL, NULL)
#5 /includes/libs/Smarty/sysplugins/smarty_internal_templatecompilerbase.php(257): Smarty_Internal_TemplateCompilerBase-&gt;callTagCompiler('blockclose', Array, Array)
#6 /includes/libs/Smarty/sysplugins/smarty_internal_templateparser.php(2493): Smarty_Internal_TemplateCompilerBase-&gt;compileTag('blockclose', Array)
#7 /includes/libs/Smarty/sysplugins/smarty_internal_templateparser.php(3101): Smarty_Internal_Templateparser-&gt;yy_r58()
#8 /includes/libs/Smarty/sysplugins/smarty_internal_templateparser.php(3201): Smarty_Internal_Templateparser-&gt;yy_reduce(58)
#9 /includes/libs/Smarty/sysplugins/smarty_internal_smartytemplatecompiler.php(105): Smarty_Internal_Templateparser-&gt;doParse(10, '&lt;/div&gt;/r/n/n)
#10 /includes/libs/Smarty/sysplugins/smarty_internal_templatecompilerbase.php(200): Smarty_Internal_SmartyTemplateCompiler-&gt;doCompile('{include file=&quot;...')
#11 /includes/libs/Smarty/sysplugins/smarty_internal_template.php(187): Smarty_Internal_TemplateCompilerBase-&gt;compileTemplate(Object(Smarty_Internal_Template))
#12 /includes/libs/Smarty/sysplugins/smarty_internal_templatebase.php(164): Smarty_Internal_Template-&gt;compileTemplateSource()
#13 /includes/libs/Smarty/sysplugins/smarty_internal_templatebase.php(374): Smarty_Internal_TemplateBase-&gt;fetch('extends:layout....', NULL, NULL, NULL, true)
#14 /includes/classes/class.template.php(142): Smarty_Internal_TemplateBase-&gt;display('extends:layout....')
#15 /includes/pages/game/class.AbstractPage.php(263): template-&gt;display('extends:layout....')
#16 /includes/pages/game/class.ShowShipyardPage.php(274): AbstractPage-&gt;display('page.shipyard.d...')
#17 /game.php(65): ShowShipyardPage-&gt;show()
#18 {main}
[09-May-2014 08:04:30 UTC] PHP Fatal error:  Call to undefined function imagettftext() in /home/qwa/public_html/demo/caffeine/includes/classes/class.StatBanner.php on line 68
[09-May-2014 18:27:27] USER ERROR: "SQL Error: Out of range value for column 'b_building' at row 1Query Code: LOCK TABLE uni1_planets as p WRITE, uni1_users as u WRITE;
				   UPDATE uni1_planets as p, uni1_users as u SET
				   p.metal = 1.80859201135E+17,
				   p.crystal = 1.80855765371E+17,
				   p.deuterium = 1.80859201135E+17,
				   p.eco_hash = '577736a6dffc2484adf0ca0f3d36ba4b',
				   p.last_update = 1399660047,
				   p.b_building = '1.812079294E+13',
				   p.b_building_id = 'a:1:{i:0;a:5:{i:0;i:31;i:1;i:34;i:2;d:18119393280000;i:3;d:18120792940047;i:4;s:5:"build";}}',
				   p.field_current = 303,
				   p.b_hangar_id = '',
				   p.metal_perhour = 0.000000,
				   p.crystal_perhour = 0.000000,
				   p.deuterium_perhour = 0.000000,
				   p.metal_max = 180862636899000000,
				   p.crystal_max = 10000,
				   p.deuterium_max = 10000,
				   p.energy_used = -33884,
				   p.energy = 0,
				   p.b_hangar = 0, u.darkmatter = 0,
					u.b_tech = '0',
					u.b_tech_id = '0',
					u.b_tech_planet = '0',
					u.b_tech_queue = ''
					WHERE
					p.id = 2 AND
					u.id = 2;
					UNLOCK TABLES;"
File: /home/qwa/public_html/demo/caffeine/includes/classes/class.Database.php | Line: 274
URL: http://2moons-host.com/demo/caffeine/game.php?page=buildings | Version: 1.7.2676
Stack trace:
#0 /includes/classes/class.PlanetRessUpdate.php(673): Database-&gt;multi_query('LOCK TABLE uni1...')
#1 /includes/pages/game/class.AbstractPage.php(238): ResourceUpdate-&gt;SavePlanetToDB()
#2 /includes/pages/game/class.AbstractPage.php(274): AbstractPage-&gt;save()
#3 /includes/pages/game/class.ShowBuildingsPage.php(268): AbstractPage-&gt;redirectTo('game.php?page=b...')
#4 /game.php(65): ShowBuildingsPage-&gt;show()
#5 {main}
[09-May-2014 18:27:58] USER ERROR: "SQL Error: Out of range value for column 'b_building' at row 1Query Code: LOCK TABLE uni1_planets as p WRITE, uni1_users as u WRITE;
				   UPDATE uni1_planets as p, uni1_users as u SET
				   p.metal = 1.80859201135E+17,
				   p.crystal = 1.80855765371E+17,
				   p.deuterium = 1.80859201135E+17,
				   p.eco_hash = '577736a6dffc2484adf0ca0f3d36ba4b',
				   p.last_update = 1399660078,
				   p.b_building = '5929508398',
				   p.b_building_id = 'a:1:{i:0;a:5:{i:0;i:31;i:1;i:34;i:2;d:4529848320;i:3;d:5929508398;i:4;s:5:"build";}}',
				   p.field_current = 303,
				   p.b_hangar_id = '',
				   p.metal_perhour = 0.000000,
				   p.crystal_perhour = 0.000000,
				   p.deuterium_perhour = 0.000000,
				   p.metal_max = 180862636899000000,
				   p.crystal_max = 10000,
				   p.deuterium_max = 10000,
				   p.energy_used = -33884,
				   p.energy = 0,
				   p.b_hangar = 0, u.darkmatter = 0,
					u.b_tech = '0',
					u.b_tech_id = '0',
					u.b_tech_planet = '0',
					u.b_tech_queue = ''
					WHERE
					p.id = 2 AND
					u.id = 2;
					UNLOCK TABLES;"
File: /home/qwa/public_html/demo/caffeine/includes/classes/class.Database.php | Line: 274
URL: http://2moons-host.com/demo/caffeine/game.php?page=buildings | Version: 1.7.2676
Stack trace:
#0 /includes/classes/class.PlanetRessUpdate.php(673): Database-&gt;multi_query('LOCK TABLE uni1...')
#1 /includes/pages/game/class.AbstractPage.php(238): ResourceUpdate-&gt;SavePlanetToDB()
#2 /includes/pages/game/class.AbstractPage.php(274): AbstractPage-&gt;save()
#3 /includes/pages/game/class.ShowBuildingsPage.php(268): AbstractPage-&gt;redirectTo('game.php?page=b...')
#4 /game.php(65): ShowBuildingsPage-&gt;show()
#5 {main}
[09-May-2014 19:25:37] NOTICE: "Undefined index: level"
File: /home/qwa/public_html/demo/caffeine/includes/libs/Smarty/sysplugins/smarty_internal_templatebase.php(252) : eval()'d code | Line: 309
URL: http://2moons-host.com/demo/caffeine/game.php?page=officier | Version: 1.7.2676
Stack trace:
#0 /includes/libs/Smarty/sysplugins/smarty_internal_templatebase.php(252) : eval()'d code(309): errorHandler(8, 'Undefined index...', '/home/qwa/publi...', 309, Array)
#1 /includes/libs/Smarty/sysplugins/smarty_internal_templatebase.php(252): eval()
#2 /includes/libs/Smarty/sysplugins/smarty_internal_templatebase.php(374): Smarty_Internal_TemplateBase-&gt;fetch('extends:layout....', NULL, NULL, NULL, true)
#3 /includes/classes/class.template.php(142): Smarty_Internal_TemplateBase-&gt;display('extends:layout....')
#4 /includes/pages/game/class.AbstractPage.php(263): template-&gt;display('extends:layout....')
#5 /includes/pages/game/class.ShowOfficierPage.php(160): AbstractPage-&gt;display('page.officier.d...')
#6 /game.php(65): ShowOfficierPage-&gt;show()
#7 {main}
[09-May-2014 20:03:38] WARNING: "Cannot modify header information - headers already sent by (output started at /home/qwa/public_html/demo/caffeine/includes/classes/class.FleetFunctions.php:1)"
File: /home/qwa/public_html/demo/caffeine/includes/classes/HTTP.class.php | Line: 46
URL: http://2moons-host.com/demo/caffeine/game.php?page=fleetStep1 | Version: 1.7.2676
Stack trace:
#0 [internal function]: errorHandler(2, 'Cannot modify h...', '/home/qwa/publi...', 46, Array)
#1 /includes/classes/HTTP.class.php(46): header('Location: http:...')
#2 /includes/classes/HTTP.class.php(39): HTTP::sendHeader('Location', 'http://2moons-h...')
#3 /includes/classes/class.FleetFunctions.php(304): HTTP::redirectTo('game.php?page=f...')
#4 /includes/pages/game/class.ShowFleetStep1Page.php(66): FleetFunctions::GotoFleetPage()
#5 /game.php(65): ShowFleetStep1Page-&gt;show()
#6 {main}
[09-May-2014 20:03:59] WARNING: "Cannot modify header information - headers already sent by (output started at /home/qwa/public_html/demo/caffeine/includes/classes/class.FleetFunctions.php:1)"
File: /home/qwa/public_html/demo/caffeine/includes/classes/HTTP.class.php | Line: 46
URL: http://2moons-host.com/demo/caffeine/game.php?page=fleetStep1 | Version: 1.7.2676
Stack trace:
#0 [internal function]: errorHandler(2, 'Cannot modify h...', '/home/qwa/publi...', 46, Array)
#1 /includes/classes/HTTP.class.php(46): header('Location: http:...')
#2 /includes/classes/HTTP.class.php(39): HTTP::sendHeader('Location', 'http://2moons-h...')
#3 /includes/classes/class.FleetFunctions.php(304): HTTP::redirectTo('game.php?page=f...')
#4 /includes/pages/game/class.ShowFleetStep1Page.php(66): FleetFunctions::GotoFleetPage()
#5 /game.php(65): ShowFleetStep1Page-&gt;show()
#6 {main}
[09-May-2014 20:14:32] WARNING: "Cannot modify header information - headers already sent by (output started at /home/qwa/public_html/demo/caffeine/includes/classes/class.FleetFunctions.php:1)"
File: /home/qwa/public_html/demo/caffeine/includes/classes/HTTP.class.php | Line: 46
URL: http://2moons-host.com/demo/caffeine/game.php?page=fleetStep1 | Version: 1.7.2676
Stack trace:
#0 [internal function]: errorHandler(2, 'Cannot modify h...', '/home/qwa/publi...', 46, Array)
#1 /includes/classes/HTTP.class.php(46): header('Location: http:...')
#2 /includes/classes/HTTP.class.php(39): HTTP::sendHeader('Location', 'http://2moons-h...')
#3 /includes/classes/class.FleetFunctions.php(304): HTTP::redirectTo('game.php?page=f...')
#4 /includes/pages/game/class.ShowFleetStep1Page.php(66): FleetFunctions::GotoFleetPage()
#5 /game.php(65): ShowFleetStep1Page-&gt;show()
#6 {main}
[09-May-2014 20:14:34] WARNING: "Cannot modify header information - headers already sent by (output started at /home/qwa/public_html/demo/caffeine/includes/classes/class.FleetFunctions.php:1)"
File: /home/qwa/public_html/demo/caffeine/includes/classes/HTTP.class.php | Line: 46
URL: http://2moons-host.com/demo/caffeine/game.php?page=fleetStep1 | Version: 1.7.2676
Stack trace:
#0 [internal function]: errorHandler(2, 'Cannot modify h...', '/home/qwa/publi...', 46, Array)
#1 /includes/classes/HTTP.class.php(46): header('Location: http:...')
#2 /includes/classes/HTTP.class.php(39): HTTP::sendHeader('Location', 'http://2moons-h...')
#3 /includes/classes/class.FleetFunctions.php(304): HTTP::redirectTo('game.php?page=f...')
#4 /includes/pages/game/class.ShowFleetStep1Page.php(66): FleetFunctions::GotoFleetPage()
#5 /game.php(65): ShowFleetStep1Page-&gt;show()
#6 {main}
[09-May-2014 20:16:34] WARNING: "Cannot modify header information - headers already sent by (output started at /home/qwa/public_html/demo/caffeine/includes/classes/class.FleetFunctions.php:1)"
File: /home/qwa/public_html/demo/caffeine/includes/classes/HTTP.class.php | Line: 46
URL: http://2moons-host.com/demo/caffeine/game.php?page=fleetStep3 | Version: 1.7.2676
Stack trace:
#0 [internal function]: errorHandler(2, 'Cannot modify h...', '/home/qwa/publi...', 46, Array)
#1 /includes/classes/HTTP.class.php(46): header('Location: http:...')
#2 /includes/classes/HTTP.class.php(39): HTTP::sendHeader('Location', 'http://2moons-h...')
#3 /includes/classes/class.FleetFunctions.php(304): HTTP::redirectTo('game.php?page=f...')
#4 /includes/pages/game/class.ShowFleetStep3Page.php(56): FleetFunctions::GotoFleetPage(1)
#5 /game.php(65): ShowFleetStep3Page-&gt;show()
#6 {main}
[09-May-2014 23:43:06] NOTICE: "Undefined index: ID"
File: /home/qwa/public_html/demo/caffeine/includes/libs/Smarty/sysplugins/smarty_internal_templatebase.php(252) : eval()'d code | Line: 319
URL: http://2moons-host.com/demo/caffeine/game.php?page=records | Version: 1.7.2676
Stack trace:
#0 /includes/libs/Smarty/sysplugins/smarty_internal_templatebase.php(252) : eval()'d code(319): errorHandler(8, 'Undefined index...', '/home/qwa/publi...', 319, Array)
#1 /includes/libs/Smarty/sysplugins/smarty_internal_templatebase.php(252): eval()
#2 /includes/libs/Smarty/sysplugins/smarty_internal_templatebase.php(374): Smarty_Internal_TemplateBase-&gt;fetch('extends:layout....', NULL, NULL, NULL, true)
#3 /includes/classes/class.template.php(142): Smarty_Internal_TemplateBase-&gt;display('extends:layout....')
#4 /includes/pages/game/class.AbstractPage.php(263): template-&gt;display('extends:layout....')
#5 /includes/pages/game/class.ShowRecordsPage.php(70): AbstractPage-&gt;display('page.records.de...')
#6 /game.php(65): ShowRecordsPage-&gt;show()
#7 {main}
[09-May-2014 23:43:19] NOTICE: "Array to string conversion"
File: /home/qwa/public_html/demo/caffeine/includes/libs/Smarty/sysplugins/smarty_internal_templatebase.php(252) : eval()'d code | Line: 319
URL: http://2moons-host.com/demo/caffeine/game.php?page=records | Version: 1.7.2676
Stack trace:
#0 /includes/libs/Smarty/sysplugins/smarty_internal_templatebase.php(252) : eval()'d code(319): errorHandler(8, 'Array to string...', '/home/qwa/publi...', 319, Array)
#1 /includes/libs/Smarty/sysplugins/smarty_internal_templatebase.php(252): eval()
#2 /includes/libs/Smarty/sysplugins/smarty_internal_templatebase.php(374): Smarty_Internal_TemplateBase-&gt;fetch('extends:layout....', NULL, NULL, NULL, true)
#3 /includes/classes/class.template.php(142): Smarty_Internal_TemplateBase-&gt;display('extends:layout....')
#4 /includes/pages/game/class.AbstractPage.php(263): template-&gt;display('extends:layout....')
#5 /includes/pages/game/class.ShowRecordsPage.php(70): AbstractPage-&gt;display('page.records.de...')
#6 /game.php(65): ShowRecordsPage-&gt;show()
#7 {main}
[09-May-2014 23:51:08] NOTICE: "Undefined index: searchList"
File: /home/qwa/public_html/demo/caffeine/cache/en^431699f8ddb82a67f6456ac5ffc9e0aa84c59061.extends.page.search.default.tpl.cache.php | Line: 124
URL: http://2moons-host.com/demo/caffeine/game.php?page=search | Version: 1.7.2676
Stack trace:
#0 /cache/en^431699f8ddb82a67f6456ac5ffc9e0aa84c59061.extends.page.search.default.tpl.cache.php(124): errorHandler(8, 'Undefined index...', '/home/qwa/publi...', 124, Array)
#1 /includes/libs/Smarty/sysplugins/smarty_internal_templatebase.php(180): content_536d6924dafdf6_68931582(Object(Smarty_Internal_Template))
#2 /includes/libs/Smarty/sysplugins/smarty_internal_templatebase.php(374): Smarty_Internal_TemplateBase-&gt;fetch('extends:layout....', NULL, NULL, NULL, true)
#3 /includes/classes/class.template.php(142): Smarty_Internal_TemplateBase-&gt;display('extends:layout....')
#4 /includes/pages/game/class.AbstractPage.php(263): template-&gt;display('extends:layout....')
#5 /includes/pages/game/class.ShowSearchPage.php(240): AbstractPage-&gt;display('page.search.def...')
#6 /game.php(65): ShowSearchPage-&gt;show()
#7 {main}
[09-May-2014 23:58:36] WARNING: "Illegal string offset 'status'"
File: /home/qwa/public_html/demo/caffeine/includes/pages/game/class.ShowTicketPage.php | Line: 101
URL: http://2moons-host.com/demo/caffeine/game.php?page=ticket&mode=send | Version: 1.7.2676
Stack trace:
#0 /includes/pages/game/class.ShowTicketPage.php(101): errorHandler(2, 'Illegal string ...', '/home/qwa/publi...', 101, Array)
#1 /game.php(65): ShowTicketPage-&gt;send()
#2 {main}
[10-May-2014 00:09:26 UTC] PHP Fatal error:  Call to undefined function imagettftext() in /home/qwa/public_html/demo/caffeine/includes/classes/class.StatBanner.php on line 68
[10-May-2014 02:44:20 UTC] PHP Fatal error:  Call to undefined function imagettftext() in /home/qwa/public_html/demo/skywrath/includes/classes/class.StatBanner.php on line 68
[10-May-2014 09:37:25 UTC] PHP Fatal error:  Call to undefined function imagettftext() in /home/qwa/public_html/demo/skywrath/includes/classes/class.StatBanner.php on line 68
